2026-05-05 03:55:31,758 INFO chat_server: Server listening on ('10.209.88.112', 1112)
2026-05-05 03:56:24,503 DEBUG chat_server: New client socket registered: 384
2026-05-05 03:56:24,540 INFO chat_server: Created new user: sanaa
2026-05-05 03:56:24,541 ERROR chat_server: Login handshake failed due to malformed message
Traceback (most recent call last):
  File "C:\Users\User\Desktop\ICDS\Final project\chat_server.py", line 202, in login
    msg = json.loads(myrecv(sock))
  File "C:\Python314\Lib\json\__init__.py", line 352, in loads
    return _default_decoder.decode(s)
           ~~~~~~~~~~~~~~~~~~~~~~~^^^
  File "C:\Python314\Lib\json\decoder.py", line 345, in decode
    obj, end = self.raw_decode(s, idx=_w(s, 0).end())
               ~~~~~~~~~~~~~~~^^^^^^^^^^^^^^^^^^^^^^^
  File "C:\Python314\Lib\json\decoder.py", line 363, in raw_decode
    raise JSONDecodeError("Expecting value", s, err.value) from None
json.decoder.JSONDecodeError: Expecting value: line 1 column 1 (char 0)
2026-05-05 03:56:24,545 DEBUG chat_server: Dropped socket: -1
2026-05-05 03:56:35,157 DEBUG chat_server: New client socket registered: 492
2026-05-05 03:56:35,158 INFO chat_server: User logged in: sanaa
2026-05-05 03:56:56,838 DEBUG chat_server: New client socket registered: 472
2026-05-05 03:56:56,881 INFO chat_server: Created new user: bella
2026-05-05 03:56:56,882 ERROR chat_server: Login handshake failed due to malformed message
Traceback (most recent call last):
  File "C:\Users\User\Desktop\ICDS\Final project\chat_server.py", line 202, in login
    msg = json.loads(myrecv(sock))
  File "C:\Python314\Lib\json\__init__.py", line 352, in loads
    return _default_decoder.decode(s)
           ~~~~~~~~~~~~~~~~~~~~~~~^^^
  File "C:\Python314\Lib\json\decoder.py", line 345, in decode
    obj, end = self.raw_decode(s, idx=_w(s, 0).end())
               ~~~~~~~~~~~~~~~^^^^^^^^^^^^^^^^^^^^^^^
  File "C:\Python314\Lib\json\decoder.py", line 363, in raw_decode
    raise JSONDecodeError("Expecting value", s, err.value) from None
json.decoder.JSONDecodeError: Expecting value: line 1 column 1 (char 0)
2026-05-05 03:56:56,886 DEBUG chat_server: Dropped socket: -1
2026-05-05 03:57:02,596 DEBUG chat_server: New client socket registered: 472
2026-05-05 03:57:02,599 INFO chat_server: User logged in: bella
2026-05-05 03:57:13,754 DEBUG chat_server: Connect response to sanaa: {"action": "connect", "status": "success"}
2026-05-05 03:58:01,901 DEBUG chat_server: Sent error to socket 492: unknown action
2026-05-05 03:58:01,901 WARNING chat_server: Unknown action from socket 492: snake_leaderboard
2026-05-05 03:58:11,335 DEBUG chat_server: Sent error to socket 492: unknown action
2026-05-05 03:58:11,335 WARNING chat_server: Unknown action from socket 492: ttt_invite
2026-05-05 03:58:29,518 DEBUG chat_server: Sent error to socket 472: unknown action
2026-05-05 03:58:29,518 WARNING chat_server: Unknown action from socket 472: ttt_invite
2026-05-05 03:58:47,954 DEBUG chat_server: Sent error to socket 472: unknown action
2026-05-05 03:58:47,954 WARNING chat_server: Unknown action from socket 472: ttt_invite
2026-05-05 03:59:32,723 DEBUG chat_server: Notified sanaa that others left the chat
2026-05-05 03:59:45,578 INFO chat_server: Client socket disconnected: 472
2026-05-05 03:59:45,581 DEBUG chat_server: Logged out socket: -1
2026-05-05 03:59:46,734 INFO chat_server: Client socket disconnected: 492
2026-05-05 03:59:46,738 DEBUG chat_server: Logged out socket: -1
